<?xml version="1.0" encoding="UTF-8"?>
<!-- Generated by org.testng.reporters.JUnitReportReporter -->
<testsuite hostname="Praful" failures="0" tests="3" name="TestRunner.RunnerTest" time="73.263" errors="0" timestamp="02 Feb 2024 14:51:17 GMT" skipped="0">
  <testcase classname="TestRunner.RunnerTest" name="runScenario" time="21.438"/>
  <testcase classname="TestRunner.RunnerTest" name="runScenario" time="36.639"/>
  <testcase classname="TestRunner.RunnerTest" name="runScenario" time="15.186"/>
</testsuite> <!-- TestRunner.RunnerTest -->
