<?xml version="1.0" encoding="UTF-8"?>
<!-- Generated by org.testng.reporters.JUnitReportReporter -->
<testsuite hostname="Praful" failures="0" tests="3" name="TestRunner.RunTest" time="71.020" errors="0" timestamp="02 Feb 2024 14:51:17 GMT" skipped="0">
  <testcase classname="TestRunner.RunTest" name="runScenario" time="18.582"/>
  <testcase classname="TestRunner.RunTest" name="runScenario" time="36.799"/>
  <testcase classname="TestRunner.RunTest" name="runScenario" time="15.639"/>
</testsuite> <!-- TestRunner.RunTest -->
