<?xml version="1.0" encoding="UTF-8"?>
<!-- Generated by org.testng.reporters.JUnitReportReporter -->
<testsuite hostname="Praful" failures="0" tests="7" name="TestRunner.RunnerTestTest" time="163.994" errors="0" timestamp="02 Feb 2024 14:51:17 GMT" skipped="0">
  <testcase classname="TestRunner.RunnerTestTest" name="runScenario" time="15.188"/>
  <testcase classname="TestRunner.RunnerTestTest" name="runScenario" time="18.613"/>
  <testcase classname="TestRunner.RunnerTestTest" name="runScenario" time="26.221"/>
  <testcase classname="TestRunner.RunnerTestTest" name="runScenario" time="26.056"/>
  <testcase classname="TestRunner.RunnerTestTest" name="runScenario" time="26.057"/>
  <testcase classname="TestRunner.RunnerTestTest" name="runScenario" time="25.950"/>
  <testcase classname="TestRunner.RunnerTestTest" name="runScenario" time="25.909"/>
</testsuite> <!-- TestRunner.RunnerTestTest -->
