<?xml version="1.0" encoding="UTF-8"?>
<!-- Generated by org.testng.reporters.JUnitReportReporter -->
<testsuite hostname="Praful" failures="0" tests="3" name="TestRunner.RunTest" time="73.399" errors="0" timestamp="02 Feb 2024 14:57:58 GMT" skipped="0">
  <testcase classname="TestRunner.RunTest" name="runScenario" time="15.151"/>
  <testcase classname="TestRunner.RunTest" name="runScenario" time="21.061"/>
  <testcase classname="TestRunner.RunTest" name="runScenario" time="37.187"/>
</testsuite> <!-- TestRunner.RunTest -->
