<?xml version="1.0" encoding="UTF-8"?>
<!-- Generated by org.testng.reporters.JUnitReportReporter -->
<testsuite hostname="Praful" failures="0" tests="7" name="TestRunner.RunnerTestTest" time="167.452" errors="0" timestamp="02 Feb 2024 14:57:58 GMT" skipped="0">
  <testcase classname="TestRunner.RunnerTestTest" name="runScenario" time="26.019"/>
  <testcase classname="TestRunner.RunnerTestTest" name="runScenario" time="26.103"/>
  <testcase classname="TestRunner.RunnerTestTest" name="runScenario" time="26.238"/>
  <testcase classname="TestRunner.RunnerTestTest" name="runScenario" time="26.141"/>
  <testcase classname="TestRunner.RunnerTestTest" name="runScenario" time="26.470"/>
  <testcase classname="TestRunner.RunnerTestTest" name="runScenario" time="15.196"/>
  <testcase classname="TestRunner.RunnerTestTest" name="runScenario" time="21.285"/>
</testsuite> <!-- TestRunner.RunnerTestTest -->
